0 info it worked if it ends with ok
1 verbose cli [ 'node',
1 verbose cli   '/usr/local/bin/npm',
1 verbose cli   'install',
1 verbose cli   'docpad-plugin-autoprefix@2',
1 verbose cli   '--save' ]
2 info using npm@2.13.2
3 info using node@v0.12.0
4 verbose node symlink /usr/local/bin/node
5 verbose install initial load of /Users/crawleym/Documents/Sites/balloonsinc.co.uk/package.json
6 warn package.json no-skeleton.docpad@0.1.0 No repository field.
7 warn package.json no-skeleton.docpad@0.1.0 No license field.
8 verbose installManyTop reading scoped package data from /Users/crawleym/Documents/Sites/balloonsinc.co.uk/node_modules/docpad/package.json
9 verbose installManyTop reading scoped package data from /Users/crawleym/Documents/Sites/balloonsinc.co.uk/node_modules/docpad-plugin-eco/package.json
10 verbose installManyTop reading scoped package data from /Users/crawleym/Documents/Sites/balloonsinc.co.uk/node_modules/docpad-plugin-marked/package.json
11 verbose installManyTop reading scoped package data from /Users/crawleym/Documents/Sites/balloonsinc.co.uk/node_modules/docpad-plugin-moment/package.json
12 verbose installManyTop reading scoped package data from /Users/crawleym/Documents/Sites/balloonsinc.co.uk/node_modules/docpad-plugin-partials/package.json
13 verbose installManyTop reading scoped package data from /Users/crawleym/Documents/Sites/balloonsinc.co.uk/node_modules/docpad-plugin-ruby/package.json
14 verbose installManyTop reading scoped package data from /Users/crawleym/Documents/Sites/balloonsinc.co.uk/node_modules/docpad-plugin-sass/package.json
15 verbose installManyTop reading scoped package data from /Users/crawleym/Documents/Sites/balloonsinc.co.uk/node_modules/docpad-plugin-sitemap/package.json
16 verbose installManyTop reading scoped package data from /Users/crawleym/Documents/Sites/balloonsinc.co.uk/node_modules/moment/package.json
17 info package.json docpad@6.78.1 license should be a valid SPDX license expression
18 info package.json docpad-plugin-partials@2.9.2 license should be a valid SPDX license expression
19 info package.json docpad-plugin-marked@2.3.0 license should be a valid SPDX license expression
20 info package.json docpad-plugin-eco@2.1.0 license should be a valid SPDX license expression
21 info package.json docpad-plugin-ruby@2.0.2 No license field.
22 info package.json docpad-plugin-sass@2.7.4 license should be a valid SPDX license expression
23 info package.json moment@2.3.1 No license field.
24 info package.json docpad-plugin-sitemap@2.2.0 license should be a valid SPDX license expression
25 verbose readDependencies loading dependencies from /Users/crawleym/Documents/Sites/balloonsinc.co.uk/package.json
26 silly cache add args [ 'docpad-plugin-autoprefix@2', null ]
27 verbose cache add spec docpad-plugin-autoprefix@2
28 silly cache add parsed spec { raw: 'docpad-plugin-autoprefix@2',
28 silly cache add   scope: null,
28 silly cache add   name: 'docpad-plugin-autoprefix',
28 silly cache add   rawSpec: '2',
28 silly cache add   spec: '>=2.0.0 <3.0.0',
28 silly cache add   type: 'range' }
29 silly addNamed docpad-plugin-autoprefix@>=2.0.0 <3.0.0
30 verbose addNamed ">=2.0.0 <3.0.0" is a valid semver range for docpad-plugin-autoprefix
31 silly addNameRange { name: 'docpad-plugin-autoprefix',
31 silly addNameRange   range: '>=2.0.0 <3.0.0',
31 silly addNameRange   hasData: false }
32 silly mapToRegistry name docpad-plugin-autoprefix
33 silly mapToRegistry using default registry
34 silly mapToRegistry registry https://registry.npmjs.org/
35 silly mapToRegistry uri https://registry.npmjs.org/docpad-plugin-autoprefix
36 verbose addNameRange registry:https://registry.npmjs.org/docpad-plugin-autoprefix not in flight; fetching
37 verbose request uri https://registry.npmjs.org/docpad-plugin-autoprefix
38 verbose request no auth needed
39 info attempt registry request try #1 at 09:40:29
40 verbose request id 3d28a3bbacd8f177
41 verbose etag "BTNAD2JT2SO6N53UYW9CTGYXF"
42 http request GET https://registry.npmjs.org/docpad-plugin-autoprefix
43 http 304 https://registry.npmjs.org/docpad-plugin-autoprefix
44 silly get cb [ 304,
44 silly get   { date: 'Sat, 25 Jul 2015 08:40:33 GMT',
44 silly get     via: '1.1 varnish',
44 silly get     'cache-control': 'max-age=60',
44 silly get     etag: '"BTNAD2JT2SO6N53UYW9CTGYXF"',
44 silly get     age: '0',
44 silly get     connection: 'keep-alive',
44 silly get     'x-served-by': 'cache-ams4138-AMS',
44 silly get     'x-cache': 'MISS',
44 silly get     'x-cache-hits': '0',
44 silly get     'x-timer': 'S1437813633.148380,VS0,VE376',
44 silly get     vary: 'Accept' } ]
45 verbose etag https://registry.npmjs.org/docpad-plugin-autoprefix from cache
46 verbose get saving docpad-plugin-autoprefix to /Users/crawleym/.npm/registry.npmjs.org/docpad-plugin-autoprefix/.cache.json
47 silly addNameRange number 2 { name: 'docpad-plugin-autoprefix',
47 silly addNameRange   range: '>=2.0.0 <3.0.0',
47 silly addNameRange   hasData: true }
48 silly addNameRange versions [ 'docpad-plugin-autoprefix', [ '2.0.0' ] ]
49 silly addNamed docpad-plugin-autoprefix@2.0.0
50 verbose addNamed "2.0.0" is a plain semver version for docpad-plugin-autoprefix
51 silly cache afterAdd docpad-plugin-autoprefix@2.0.0
52 verbose afterAdd /Users/crawleym/.npm/docpad-plugin-autoprefix/2.0.0/package/package.json not in flight; writing
53 verbose afterAdd /Users/crawleym/.npm/docpad-plugin-autoprefix/2.0.0/package/package.json written
54 silly install resolved [ { name: 'docpad-plugin-autoprefix',
54 silly install resolved     version: '2.0.0',
54 silly install resolved     description: 'Add browser/vendor prefixes to your stylesheets automatically, so you don\'t have to!',
54 silly install resolved     homepage: 'http://docpad.org/plugin/autoprefix',
54 silly install resolved     license:
54 silly install resolved      { type: 'MIT',
54 silly install resolved        url: 'https://github.com/docpad/docpad-plugin-autoprefix/blob/master/LICENSE.md#readme' },
54 silly install resolved     badges:
54 silly install resolved      { travis: true,
54 silly install resolved        npm: true,
54 silly install resolved        david: true,
54 silly install resolved        daviddev: true,
54 silly install resolved        gittip: 'docpad',
54 silly install resolved        flattr: '344188/balupton-on-Flattr',
54 silly install resolved        paypal: 'QB8GQPZAH84N6',
54 silly install resolved        bitcoin: 'https://coinbase.com/checkouts/9ef59f5479eec1d97d63382c9ebcb93a' },
54 silly install resolved     keywords:
54 silly install resolved      [ 'docpad',
54 silly install resolved        'docpad-plugin',
54 silly install resolved        'autoprefix',
54 silly install resolved        'rework',
54 silly install resolved        'stylus',
54 silly install resolved        'nib',
54 silly install resolved        'css',
54 silly install resolved        'styles',
54 silly install resolved        'styling' ],
54 silly install resolved     author:
54 silly install resolved      { name: '2014+ Bevry Pty Ltd',
54 silly install resolved        email: 'us@bevry.me',
54 silly install resolved        url: 'http://bevry.me' },
54 silly install resolved     maintainers: [ [Object] ],
54 silly install resolved     contributors: [],
54 silly install resolved     bugs: { url: 'https://github.com/docpad/docpad-plugin-autoprefix/issues' },
54 silly install resolved     repository:
54 silly install resolved      { type: 'git',
54 silly install resolved        url: 'git+https://github.com/docpad/docpad-plugin-autoprefix.git' },
54 silly install resolved     engines: { node: '>=0.4' },
54 silly install resolved     peerDependencies: { docpad: '6' },
54 silly install resolved     dependencies: { autoprefixer: '~1.0.20140117' },
54 silly install resolved     devDependencies: { 'coffee-script': '~1.6.3', projectz: '~0.3.9', docpad: '6' },
54 silly install resolved     main: './out/autoprefix.plugin.js',
54 silly install resolved     scripts: { test: 'node ./out/autoprefix.test.js' },
54 silly install resolved     _id: 'docpad-plugin-autoprefix@2.0.0',
54 silly install resolved     dist:
54 silly install resolved      { shasum: '5c59bc3fa6162b1500e408e0b09ddbeff9a42782',
54 silly install resolved        tarball: 'http://registry.npmjs.org/docpad-plugin-autoprefix/-/docpad-plugin-autoprefix-2.0.0.tgz' },
54 silly install resolved     _from: 'docpad-plugin-autoprefix@>=2.0.0 <3.0.0',
54 silly install resolved     _npmVersion: '1.3.24',
54 silly install resolved     _npmUser: { name: 'balupton', email: 'b@lupton.cc' },
54 silly install resolved     directories: {},
54 silly install resolved     _shasum: '5c59bc3fa6162b1500e408e0b09ddbeff9a42782',
54 silly install resolved     _resolved: 'https://registry.npmjs.org/docpad-plugin-autoprefix/-/docpad-plugin-autoprefix-2.0.0.tgz',
54 silly install resolved     readme: 'ERROR: No README data found!' } ]
55 info install docpad-plugin-autoprefix@2.0.0 into /Users/crawleym/Documents/Sites/balloonsinc.co.uk
56 info installOne docpad-plugin-autoprefix@2.0.0
57 verbose installOne of docpad-plugin-autoprefix to /Users/crawleym/Documents/Sites/balloonsinc.co.uk not in flight; installing
58 verbose lock using /Users/crawleym/.npm/_locks/docpad-plugin-autoprefix-ff003b5dd6a2d9eb.lock for /Users/crawleym/Documents/Sites/balloonsinc.co.uk/node_modules/docpad-plugin-autoprefix
59 silly install write writing docpad-plugin-autoprefix 2.0.0 to /Users/crawleym/Documents/Sites/balloonsinc.co.uk/node_modules/docpad-plugin-autoprefix
60 verbose unbuild node_modules/docpad-plugin-autoprefix
61 silly gentlyRm /Users/crawleym/Documents/Sites/balloonsinc.co.uk/node_modules/docpad-plugin-autoprefix is being purged from base /Users/crawleym/Documents/Sites/balloonsinc.co.uk
62 verbose gentlyRm don't care about contents; nuking /Users/crawleym/Documents/Sites/balloonsinc.co.uk/node_modules/docpad-plugin-autoprefix
63 verbose tar unpack /Users/crawleym/.npm/docpad-plugin-autoprefix/2.0.0/package.tgz
64 verbose tar unpacking to /Users/crawleym/Documents/Sites/balloonsinc.co.uk/node_modules/docpad-plugin-autoprefix
65 silly gentlyRm /Users/crawleym/Documents/Sites/balloonsinc.co.uk/node_modules/docpad-plugin-autoprefix is being purged
66 verbose gentlyRm don't care about contents; nuking /Users/crawleym/Documents/Sites/balloonsinc.co.uk/node_modules/docpad-plugin-autoprefix
67 silly gunzTarPerm modes [ '755', '644' ]
68 silly gunzTarPerm extractEntry package.json
69 silly gunzTarPerm extractEntry .npmignore
70 silly gunzTarPerm extractEntry README.md
71 silly gunzTarPerm extractEntry LICENSE.md
72 silly gunzTarPerm extractEntry out/autoprefix.plugin.js
73 silly gunzTarPerm extractEntry out/autoprefix.test.js
74 verbose write writing to /Users/crawleym/Documents/Sites/balloonsinc.co.uk/node_modules/docpad-plugin-autoprefix/package.json
75 info preinstall docpad-plugin-autoprefix@2.0.0
76 verbose readDependencies loading dependencies from /Users/crawleym/Documents/Sites/balloonsinc.co.uk/node_modules/docpad-plugin-autoprefix/package.json
77 silly prepareForInstallMany adding autoprefixer@~1.0.20140117 from docpad-plugin-autoprefix dependencies
78 verbose readDependencies loading dependencies from /Users/crawleym/Documents/Sites/balloonsinc.co.uk/node_modules/docpad-plugin-autoprefix/package.json
79 silly cache add args [ 'autoprefixer@~1.0.20140117', null ]
80 verbose cache add spec autoprefixer@~1.0.20140117
81 silly cache add parsed spec { raw: 'autoprefixer@~1.0.20140117',
81 silly cache add   scope: null,
81 silly cache add   name: 'autoprefixer',
81 silly cache add   rawSpec: '~1.0.20140117',
81 silly cache add   spec: '>=1.0.20140117 <1.1.0',
81 silly cache add   type: 'range' }
82 silly addNamed autoprefixer@>=1.0.20140117 <1.1.0
83 verbose addNamed ">=1.0.20140117 <1.1.0" is a valid semver range for autoprefixer
84 silly addNameRange { name: 'autoprefixer',
84 silly addNameRange   range: '>=1.0.20140117 <1.1.0',
84 silly addNameRange   hasData: false }
85 silly mapToRegistry name autoprefixer
86 silly mapToRegistry using default registry
87 silly mapToRegistry registry https://registry.npmjs.org/
88 silly mapToRegistry uri https://registry.npmjs.org/autoprefixer
89 verbose addNameRange registry:https://registry.npmjs.org/autoprefixer not in flight; fetching
90 verbose request uri https://registry.npmjs.org/autoprefixer
91 verbose request no auth needed
92 info attempt registry request try #1 at 09:40:33
93 http request GET https://registry.npmjs.org/autoprefixer
94 http 200 https://registry.npmjs.org/autoprefixer
95 verbose bad json {"_id":"autoprefixer","_rev":"254-c0a1ada92440d0e655c0b83856f38a51","name":"autoprefixer","description":"Parse CSS and add vendor prefixes to CSS rules using values from the Can I Use website","dist-tags":{"latest":"5.2.0"},"versions":{"0.1.20130409":{"name":"autoprefixer","version":"0.1.20130409","description":"Parse CSS and add prefixed properties and values, when it really necessary for selected browsers.","keywords":["css","prefix","rework"],"author":{"name":"Andrey Sitnik","email":"andrey@sitnik.ru"},"license":"LGPL 3","repository":{"type":"git","url":"https://github.com/ai/autoprefixer.git"},"dependencies":{"rework":">= 0.13.2"},"devDependencies":{"coffee-script":"1.6.2","mocha":"1.9.0","sinon":"1.6.0","chai":"1.5.0","sinon-chai":"2.3.1"},"bin":{"autoprefixer":"./bin/autoprefixer"},"main":"lib/autoprefixer","scripts":{"test":"mocha --reporter spec --compilers coffee:coffee-script"},"_id":"autoprefixer@0.1.20130409","dist":{"shasum":"06b04fb73779015e79e71df85e261421d7b80742","tarball":"http://registry.npmjs.org/autoprefixer/-/autoprefixer-0.1.20130409.tgz"},"_from":"./","_npmVersion":"1.2.17","_npmUser":{"name":"ai","email":"andrey@sitnik.ru"},"maintainers":[{"name":"ai","email":"andrey@sitnik.ru"}],"directories":{}},"0.2.20130413":{"name":"autoprefixer","version":"0.2.20130413","description":"Parse CSS and add prefixed properties and values by actual Can I Use database","keywords":["css","prefix","rework"],"author":{"name":"Andrey Sitnik","email":"andrey@sitnik.ru"},"license":"LGPL 3","repository":{"type":"git","url":"https://github.com/ai/autoprefixer.git"},"dependencies":{"rework":">= 0.14"},"devDependencies":{"coffee-script":"1.6.2","mocha":"1.9.0","sinon":"1.6.0","chai":"1.5.0","sinon-chai":"2.3.1","component":"0.13.2"},"bin":{"autoprefixer":"./bin/autoprefixer"},"main":"lib/autoprefixer","scripts":{"test":"mocha --reporter spec --compilers coffee:coffee-script"},"_id":"autoprefixer@0.2.20130413","dist":{"shasum":"63170ea937afa0aa4bfc1401e8a21078b4b1538f","tarball":"http://registry.npmjs.org/autoprefixer/-/autoprefixer-0.2.20130413.tgz"},"_from":"./","_npmVersion":"1.2.18","_npmUser":{"name":"ai","email":"andrey@sitnik.ru"},"maintainers":[{"name":"ai","email":"andrey@sitnik.ru"}],"directories":{}},"0.3.20130423":{"name":"autoprefixer","version":"0.3.20130423","description":"Parse CSS and add prefixed properties and values by actual Can I Use database","keywords":["css","prefix","rework"],"author":{"name":"Andrey Sitnik","email":"andrey@sitnik.ru"},"license":"LGPL 3","repository":{"type":"git","url":"https://github.com/ai/autoprefixer.git"},"dependencies":{"rework":">= 0.14"},"devDependencies":{"coffee-script":"1.6.2","mocha":"1.9.0","sinon":"1.6.0","should":"1.2.2","component":"0.13.2"},"bin":{"autoprefixer":"./bin/autoprefixer"},"main":"lib/autoprefixer","scripts":{"test":"mocha --reporter spec --require should --compilers coffee:coffee-script"},"_id":"autoprefixer@0.3.20130423","dist":{"shasum":"75c83ea15305adff15bc5abeba9400a79be454a2","tarball":"http://registry.npmjs.org/autoprefixer/-/autoprefixer-0.3.20130423.tgz"},"_from":"./","_npmVersion":"1.2.18","_npmUser":{"name":"ai","email":"andrey@sitnik.ru"},"maintainers":[{"name":"ai","email":"andrey@sitnik.ru"}],"directories":{}},"0.3.20130424":{"name":"autoprefixer","version":"0.3.20130424","description":"Parse CSS and add prefixed properties and values by actual Can I Use database","keywords":["css","prefix","rework"],"author":{"name":"Andrey Sitnik","email":"andrey@sitnik.ru"},"license":"LGPL 3","repository":{"type":"git","url":"https://github.com/ai/autoprefixer.git"},"dependencies":{"rework":">= 0.14"},"devDependencies":{"coffee-script":"1.6.2","mocha":"1.9.0","sinon":"1.6.0","should":"1.2.2","component":"0.13.2"},"bin":{"autoprefixer":"./bin/autoprefixer"},"main":"lib/autoprefixer","scripts":{"test":"mocha --reporter spec --require should --compilers coffee:coffee-script"},"_id":"autoprefixer@0.3.20130424","dist":{"shasum":"30346a8f3a39c5e8c280255c3fe584f13d975432","tarball":"http://registry.npmjs.org/autoprefixer/-/autoprefixer-0.3.20130424.tgz"},"_from":"./","_npmVersion":"1.2.18","_npmUser":{"name":"ai","email":"andrey@sitnik.ru"},"maintainers":[{"name":"ai","email":"andrey@sitnik.ru"}],"directories":{}},"0.3.20130427":{"name":"autoprefixer","version":"0.3.20130427","description":"Parse CSS and add prefixed properties and values by actual Can I Use database","keywords":["css","prefix","rework"],"author":{"name":"Andrey Sitnik","email":"andrey@sitnik.ru"},"license":"LGPL 3","repository":{"type":"git","url":"https://github.com/ai/autoprefixer.git"},"dependencies":{"rework":">= 0.14"},"devDependencies":{"coffee-script":"1.6.2","mocha":"1.9.0","sinon":"1.6.0","should":"1.2.2","component":"0.15.1"},"bin":{"autoprefixer":"./bin/autoprefixer"},"main":"lib/autoprefixer","scripts":{"test":"mocha --reporter spec --require should --compilers coffee:coffee-script"},"_id":"autoprefixer@0.3.20130427","dist":{"shasum":"27da062b75a92e46c8d662f485136644ac7b12d6","tarball":"http://registry.npmjs.org/autoprefixer/-/autoprefixer-0.3.20130427.tgz"},"_from":"./","_npmVersion":"1.2.18","_npmUser":{"name":"ai","email":"andrey@sitnik.ru"},"maintainers":[{"name":"ai","email":"andrey@sitnik.ru"}],"directories":{}},"0.3.20130502":{"name":"autoprefixer","version":"0.3.20130502","description":"Parse CSS and add prefixed properties and values by actual Can I Use database","keywords":["css","prefix","rework"],"author":{"name":"Andrey Sitnik","email":"andrey@sitnik.ru"},"license":"LGPL 3","repository":{"type":"git","url":"https://github.com/ai/autoprefixer.git"},"dependencies":{"rework":">= 0.14"},"devDependencies":{"coffee-script":"1.6.2","mocha":"1.9.0","sinon":"1.6.0","should":"1.2.2","component":"0.15.1"},"bin":{"autoprefixer":"./bin/autoprefixer"},"main":"lib/autoprefixer","scripts":{"test":"mocha --reporter spec --require should --compilers coffee:coffee-script"},"_id":"autoprefixer@0.3.20130502","dist":{"shasum":"2f152d1c4a47c75bf74b2fc0cec9d2c2c1e8a2ed","tarball":"http://registry.npmjs.org/autoprefixer/-/autoprefixer-0.3.20130502.tgz"},"_from":"./","_npmVersion":"1.2.18","_npmUser":{"name":"ai","email":"andrey@sitnik.ru"},"maintainers":[{"name":"ai","email":"andrey@sitnik.ru"}],"directories":{}},"0.4.20130507":{"name":"autoprefixer","version":"0.4.20130507","description":"Parse CSS and add prefixed properties and values by actual Can I Use database","keywords":["css","prefix","rework"],"author":{"name":"Andrey Sitnik","email":"andrey@sitnik.ru"},"license":"LGPL 3","repository":{"type":"git","url":"https://github.com/ai/autoprefixer.git"},"dependencies":{"rework":">= 0.14"},"devDependencies":{"coffee-script":"1.6.2","mocha":"1.9.0","sinon":"1.7.0","should":"1.2.2","component":"0.15.1","js-beautify":"1.3.2"},"bin":{"autoprefixer":"./bin/autoprefixer"},"main":"lib/autoprefixer","scripts":{"test":"mocha --reporter spec --require should --compilers coffee:coffee-script"},"_id":"autoprefixer@0.4.20130507","dist":{"shasum":"ebf597a6789ceed55edc6774a1ea5f91d8b9d935","tarball":"http://registry.npmjs.org/autoprefixer/-/autoprefixer-0.4.20130507.tgz"},"_from":"./","_npmVersion":"1.2.18","_npmUser":{"name":"ai","email":"andrey@sitnik.ru"},"maintainers":[{"name":"ai","email":"andrey@sitnik.ru"}],"directories":{}},"0.4.20130515":{"name":"autoprefixer","version":"0.4.20130515","description":"Parse CSS and add prefixed properties and values by actual Can I Use database","keywords":["css","prefix","rework"],"author":{"name":"Andrey Sitnik","email":"andrey@sitnik.ru"},"license":"LGPL 3","repository":{"type":"git","url":"https://github.com/ai/autoprefixer.git"},"dependencies":{"rework":">= 0.14"},"devDependencies":{"coffee-script":"1.6.2","mocha":"1.9.0","sinon":"1.7.0","should":"1.2.2","component":"0.15.1","js-beautify":"1.3.2"},"bin":{"autoprefixer":"./bin/autoprefixer"},"main":"lib/autoprefixer","scripts":{"test":"mocha --reporter spec --require should --compilers coffee:coffee-script"},"_id":"autoprefixer@0.4.20130515","dist":{"shasum":"b6fe5b2a59ab465fff3016167f3f06866d4f8ea9","tarball":"http://registry.npmjs.org/autoprefixer/-/autoprefixer-0.4.20130515.tgz"},"_from":"./","_npmVersion":"1.2.18","_npmUser":{"name":"ai","email":"andrey@sitnik.ru"},"maintainers":[{"name":"ai","email":"andrey@sitnik.ru"}],"directories":{}},"0.4.20130521":{"name":"autoprefixer","version":"0.4.20130521","description":"Parse CSS and add prefixed properties and values by actual Can I Use database","keywords":["css","prefix","rework"],"author":{"name":"Andrey Sitnik","email":"andrey@sitnik.ru"},"license":"LGPL 3","repository":{"type":"git","url":"https://github.com/ai/autoprefixer.git"},"dependencies":{"rework":">= 0.14"},"devDependencies":{"coffee-script":"1.6.2","mocha":"1.9.0","sinon":"1.7.0","should":"1.2.2","component":"0.15.1","js-beautify":"1.3.2"},"bin":{"autoprefixer":"./bin/autoprefixer"},"main":"lib/autoprefixer","scripts":{"test":"mocha --reporter spec --require should --compilers coffee:coffee-script"},"bugs":{"url":"https://github.com/ai/autoprefixer/issues"},"_id":"autoprefixer@0.4.20130521","dist":{"shasum":"75c4bdc76767d1def708f6b3bb34c019b9206cac","tarball":"http://registry.npmjs.org/autoprefixer/-/autoprefixer-0.4.20130521.tgz"},"_from":"./","_npmVersion":"1.2.21","_npmUser":{"name":"ai","email":"andrey@sitnik.ru"},"maintainers":[{"name":"ai","email":"andrey@sitnik.ru"}],"directories":{}},"0.4.20130524":{"name":"autoprefixer","version":"0.4.20130524","description":"Parse CSS and add prefixed properties and values by actual Can I Use database","keywords":["css","prefix","rework"],"author":{"name":"Andrey Sitnik","email":"andrey@sitnik.ru"},"license":"LGPL 3","repository":{"type":"git","url":"https://github.com/ai/autoprefixer.git"},"dependencies":{"rework":">= 0.14"},"devDependencies":{"coffee-script":"1.6.2","mocha":"1.10.0","sinon":"1.7.2","should":"1.2.2","component":"0.16.0","js-beautify":"1.3.2"},"bin":{"autoprefixer":"./bin/autoprefixer"},"main":"lib/autoprefixer","scripts":{"test":"mocha --reporter spec --require should --compilers coffee:coffee-script"},"bugs":{"url":"https://github.com/ai/autoprefixer/issues"},"_id":"autoprefixer@0.4.20130524","dist":{"shasum":"d127c4584487effd9a673819788837abca67fcb2","tarball":"http://registry.npmjs.org/autoprefixer/-/autoprefixer-0.4.20130524.tgz"},"_from":"./","_npmVersion":"1.2.21","_npmUser":{"name":"ai","email":"andrey@sitnik.ru"},"maintainers":[{"name":"ai","email":"andrey@sitnik.ru"}],"directories":{}},"0.4.20130528":{"name":"autoprefixer","version":"0.4.20130528","description":"Parse CSS and add prefixed properties and values by actual Can I Use database","keywords":["css","prefix","rework"],"author":{"name":"Andrey Sitnik","email":"andrey@sitnik.ru"},"license":"LGPL 3","repository":{"type":"git","url":"https://github.com/ai/autoprefixer.git"},"dependencies":{"rework":">= 0.14"},"devDependencies":{"coffee-script":"1.6.2","mocha":"1.10.0","sinon":"1.7.2","should":"1.2.2","component":"0.16.0","js-beautify":"1.3.3"},"bin":{"autoprefixer":"./bin/autoprefixer"},"main":"lib/autoprefixer","scripts":{"test":"mocha --reporter spec --require should --compilers coffee:coffee-script"},"bugs":{"url":"https://github.com/ai/autoprefixer/issues"},"_id":"autoprefixer@0.4.20130528","dist":{"shasum":"d4d10a626ed7aa484e58229df621a2a62d54cdce","tarball":"http://registry.npmjs.org/autoprefixer/-/autoprefixer-0.4.20130528.tgz"},"_from":"./","_npmVersion":"1.2.23","_npmUser":{"name":"ai","email":"andrey@sitnik.ru"},"maintainers":[{"name":"ai","email":"andrey@sitnik.ru"}],"directories":{}},"0.4.20130530":{"name":"autoprefixer","version":"0.4.20130530","description":"Parse CSS and add prefixed properties and values by actual Can I Use database","keywords":["css","prefix","rework"],"author":{"name":"Andrey Sitnik","email":"andrey@sitnik.ru"},"license":"LGPL 3","repository":{"type":"git","url":"https://github.com/ai/autoprefixer.git"},"dependencies":{"rework":">= 0.14"},"devDependencies":{"coffee-script":"1.6.2","mocha":"1.10.0","sinon":"1.7.2","should":"1.2.2","component":"0.16.0","js-beautify":"1.3.3"},"bin":{"autoprefixer":"./bin/autoprefixer"},"main":"lib/autoprefixer","scripts":{"test":"mocha --reporter spec --require should --compilers coffee:coffee-script"},"bugs":{"url":"https://github.com/ai/autoprefixer/issues"},"_id":"autoprefixer@0.4.20130530","dist":{"shasum":"d98fdaf2a899523c8c5b1172eab56880279546b6","tarball":"http://registry.npmjs.org/autoprefixer/-/autoprefixer-0.4.20130530.tgz"},"_from":"./","_npmVersion":"1.2.23","_npmUser":{"name":"ai","email":"andrey@sitnik.ru"},"maintainers":[{"name":"ai","email":"andrey@sitnik.ru"}],"directories":{}},"0.4.20130603":{"name":"autoprefixer","version":"0.4.20130603","description":"Parse CSS and add prefixed properties and values by actual Can I Use database","keywords":["css","prefix","rework"],"author":{"name":"Andrey Sitnik","email":"andrey@sitnik.ru"},"license":"LGPL 3","repository":{"type":"git","url":"https://github.com/ai/autoprefixer.git"},"dependencies":{"rework":">= 0.15"},"devDependencies":{"coffee-script":"1.6.3","mocha":"1.10.0","sinon":"1.7.2","should":"1.2.2","component":"0.16.2","js-beautify":"1.3.3"},"bin":{"autoprefixer":"./bin/autoprefixer"},"main":"lib/autoprefixer","scripts":{"test":"mocha --reporter spec --require should --compilers coffee:coffee-script"},"bugs":{"url":"https://github.com/ai/autoprefixer/issues"},"_id":"autoprefixer@0.4.20130603","dist":{"shasum":"e51dc0c9ad983297bc4a8bd80b5218a012a786eb","tarball":"http://registry.npmjs.org/autoprefixer/-/autoprefixer-0.4.20130603.tgz"},"_from":"./","_npmVersion":"1.2.24","_npmUser":{"name":"ai","email":"andrey@sitnik.ru"},"maintainers":[{"name":"ai","email":"andrey@sitnik.ru"}],"directories":{}},"0.5.20130615":{"name":"autoprefixer","version":"0.5.20130615","description":"Parse CSS and add prefixed properties and values by actual Can I Use database","keywords":["css","prefix","rework"],"author":{"name":"Andrey Sitnik","email":"andrey@sitnik.ru"},"license":"LGPL 3","repository":{"type":"git","url":"https://github.com/ai/autoprefixer.git"},"dependencies":{"css-parse":"~> 1.4.0","css-stringify":"~> 1.3.1"},"devDependencies":{"coffee-script":"1.6.3","component":"0.16.3","fs-extra":"0.6.1","should":"1.2.2","rework":"0.16.0","mocha":"1.11.0","glob":"3.2.1"},"bin":{"autoprefixer":"./bin/autoprefixer"},"main":"lib/autoprefixer","scripts":{"test":"mocha --reporter spec --require should --compilers coffee:coffee-script"},"bugs":{"url":"https://github.com/ai/autoprefixer/issues"},"_id":"autoprefixer@0.5.20130615","dist":{"shasum":"b518427db421b106c33b0136459d551315e7e1ef","tarball":"http://registry.npmjs.org/autoprefixer/-/autoprefixer-0.5.20130615.tgz"},"_from":"/home/ai/Dev/autoprefixer/build/","_npmVersion":"1.2.30","_npmUser":{"name":"ai","email":"andrey@sitnik.ru"},"maintainers":[{"name":"ai","email":"andrey@sitnik.ru"}],"directories":{}},"0.5.20130616":{"name":"autoprefixer","version":"0.5.20130616","description":"Parse CSS and add prefixed properties and values by actual Can I Use database","keywords":["css","prefix","rework"],"author":{"name":"Andrey Sitnik","email":"andrey@sitnik.ru"},"license":"LGPL 3","repository":{"type":"git","url":"https://github.com/ai/autoprefixer.git"},"dependencies":{"css-parse":"~> 1.4.0","css-stringify":"~> 1.3.1"},"devDependencies":{"coffee-script":"1.6.3","component":"0.16.3","fs-extra":"0.6.1","should":"1.2.2","rework":"0.16.0","mocha":"1.11.0","glob":"3.2.1"},"bin":{"autoprefixer":"./bin/autoprefixer"},"main":"lib/autoprefixer","scripts":{"test":"mocha --reporter spec --require should --compilers coffee:coffee-script"},"bugs":{"url":"https://github.com/ai/autoprefixer/issues"},"_id":"autoprefixer@0.5.20130616","dist":{"shasum":"ea7a9cc3614357c78edb64388e32ccd5d0d15614","tarball":"http://registry.npmjs.org/autoprefixer/-/autoprefixer-0.5.20130616.tgz"},"_from":"/home/ai/Dev/autoprefixer/build/","_npmVersion":"1.2.30","_npmUser":{"name":"ai","email":"andrey@sitnik.ru"},"
96 error registry error parsing json
97 verbose headers { server: 'CouchDB/1.5.0 (Erlang OTP/R16B03)',
97 verbose headers   etag: '"5TMMW0PZVA9CH0XO1ZPWTX6YB"',
97 verbose headers   'content-type': 'application/json',
97 verbose headers   'cache-control': 'max-age=60',
97 verbose headers   'content-length': '121108',
97 verbose headers   'accept-ranges': 'bytes',
97 verbose headers   date: 'Sat, 25 Jul 2015 08:40:45 GMT',
97 verbose headers   via: '1.1 varnish',
97 verbose headers   age: '0',
97 verbose headers   connection: 'keep-alive',
97 verbose headers   'x-served-by': 'cache-ams4139-AMS',
97 verbose headers   'x-cache': 'HIT',
97 verbose headers   'x-cache-hits': '1',
97 verbose headers   'x-timer': 'S1437813645.048391,VS0,VE654',
97 verbose headers   vary: 'Accept' }
98 silly get cb [ 200,
98 silly get   { server: 'CouchDB/1.5.0 (Erlang OTP/R16B03)',
98 silly get     etag: '"5TMMW0PZVA9CH0XO1ZPWTX6YB"',
98 silly get     'content-type': 'application/json',
98 silly get     'cache-control': 'max-age=60',
98 silly get     'content-length': '121108',
98 silly get     'accept-ranges': 'bytes',
98 silly get     date: 'Sat, 25 Jul 2015 08:40:45 GMT',
98 silly get     via: '1.1 varnish',
98 silly get     age: '0',
98 silly get     connection: 'keep-alive',
98 silly get     'x-served-by': 'cache-ams4139-AMS',
98 silly get     'x-cache': 'HIT',
98 silly get     'x-cache-hits': '1',
98 silly get     'x-timer': 'S1437813645.048391,VS0,VE654',
98 silly get     vary: 'Accept' } ]
99 verbose about to build /Users/crawleym/Documents/Sites/balloonsinc.co.uk/node_modules/docpad-plugin-autoprefix
100 verbose unlock done using /Users/crawleym/.npm/_locks/docpad-plugin-autoprefix-ff003b5dd6a2d9eb.lock for /Users/crawleym/Documents/Sites/balloonsinc.co.uk/node_modules/docpad-plugin-autoprefix
101 verbose stack SyntaxError: Unexpected end of input
101 verbose stack {"_id":"autoprefixer","_rev":"254-c0a1ada92440d0e655c0b83856f38a51","name":"autoprefixer","description":"Parse CSS and add vendor prefixes to CSS rules using values from the Can I Use website","dist-tags":{"latest":"5.2.0"},"versions":{"0.1.20130409":{"name":"autoprefixer","version":"0.1.20130409","description":"Parse CSS and add prefixed properties and values, when it really necessary for selected browsers.","keywords":["css","prefix","rework"],"author":{"name":"Andrey Sitnik","email":"andrey@sitnik.ru"},"license":"LGPL 3","repository":{"type":"git","url":"https://github.com/ai/autoprefixer.git"},"dependencies":{"rework":">= 0.13.2"},"devDependencies":{"coffee-script":"1.6.2","mocha":"1.9.0","sinon":"1.6.0","chai":"1.5.0","sinon-chai":"2.3.1"},"bin":{"autoprefixer":"./bin/autoprefixer"},"main":"lib/autoprefixer","scripts":{"test":"mocha --reporter spec --compilers coffee:coffee-script"},"_id":"autoprefixer@0.1.20130409","dist":{"shasum":"06b04fb73779015e79e71df85e261421d7b80742","tarball":"http://registry.npmjs.org/autoprefixer/-/autoprefixer-0.1.20130409.tgz"},"_from":"./","_npmVersion":"1.2.17","_npmUser":{"name":"ai","email":"andrey@sitnik.ru"},"maintainers":[{"name":"ai","email":"andrey@sitnik.ru"}],"directories":{}},"0.2.20130413":{"name":"autoprefixer","version":"0.2.20130413","description":"Parse CSS and add prefixed properties and values by actual Can I Use database","keywords":["css","prefix","rework"],"author":{"name":"Andrey Sitnik","email":"andrey@sitnik.ru"},"license":"LGPL 3","repository":{"type":"git","url":"https://github.com/ai/autoprefixer.git"},"dependencies":{"rework":">= 0.14"},"devDependencies":{"coffee-script":"1.6.2","mocha":"1.9.0","sinon":"1.6.0","chai":"1.5.0","sinon-chai":"2.3.1","component":"0.13.2"},"bin":{"autoprefixer":"./bin/autoprefixer"},"main":"lib/autoprefixer","scripts":{"test":"mocha --reporter spec --compilers coffee:coffee-script"},"_id":"autoprefixer@0.2.20130413","dist":{"shasum":"63170ea937afa0aa4bfc1401e8a21078b4b1538f","tarball":"http://registry.npmjs.org/autoprefixer/-/autoprefixer-0.2.20130413.tgz"},"_from":"./","_npmVersion":"1.2.18","_npmUser":{"name":"ai","email":"andrey@sitnik.ru"},"maintainers":[{"name":"ai","email":"andrey@sitnik.ru"}],"directories":{}},"0.3.20130423":{"name":"autoprefixer","version":"0.3.20130423","description":"Parse CSS and add prefixed properties and values by actual Can I Use database","keywords":["css","prefix","rework"],"author":{"name":"Andrey Sitnik","email":"andrey@sitnik.ru"},"license":"LGPL 3","repository":{"type":"git","url":"https://github.com/ai/autoprefixer.git"},"dependencies":{"rework":">= 0.14"},"devDependencies":{"coffee-script":"1.6.2","mocha":"1.9.0","sinon":"1.6.0","should":"1.2.2","component":"0.13.2"},"bin":{"autoprefixer":"./bin/autoprefixer"},"main":"lib/autoprefixer","scripts":{"test":"mocha --reporter spec --require should --compilers coffee:coffee-script"},"_id":"autoprefixer@0.3.20130423","dist":{"shasum":"75c83ea15305adff15bc5abeba9400a79be454a2","tarball":"http://registry.npmjs.org/autoprefixer/-/autoprefixer-0.3.20130423.tgz"},"_from":"./","_npmVersion":"1.2.18","_npmUser":{"name":"ai","email":"andrey@sitnik.ru"},"maintainers":[{"name":"ai","email":"andrey@sitnik.ru"}],"directories":{}},"0.3.20130424":{"name":"autoprefixer","version":"0.3.20130424","description":"Parse CSS and add prefixed properties and values by actual Can I Use database","keywords":["css","prefix","rework"],"author":{"name":"Andrey Sitnik","email":"andrey@sitnik.ru"},"license":"LGPL 3","repository":{"type":"git","url":"https://github.com/ai/autoprefixer.git"},"dependencies":{"rework":">= 0.14"},"devDependencies":{"coffee-script":"1.6.2","mocha":"1.9.0","sinon":"1.6.0","should":"1.2.2","component":"0.13.2"},"bin":{"autoprefixer":"./bin/autoprefixer"},"main":"lib/autoprefixer","scripts":{"test":"mocha --reporter spec --require should --compilers coffee:coffee-script"},"_id":"autoprefixer@0.3.20130424","dist":{"shasum":"30346a8f3a39c5e8c280255c3fe584f13d975432","tarball":"http://registry.npmjs.org/autoprefixer/-/autoprefixer-0.3.20130424.tgz"},"_from":"./","_npmVersion":"1.2.18","_npmUser":{"name":"ai","email":"andrey@sitnik.ru"},"maintainers":[{"name":"ai","email":"andrey@sitnik.ru"}],"directories":{}},"0.3.20130427":{"name":"autoprefixer","version":"0.3.20130427","description":"Parse CSS and add prefixed properties and values by actual Can I Use database","keywords":["css","prefix","rework"],"author":{"name":"Andrey Sitnik","email":"andrey@sitnik.ru"},"license":"LGPL 3","repository":{"type":"git","url":"https://github.com/ai/autoprefixer.git"},"dependencies":{"rework":">= 0.14"},"devDependencies":{"coffee-script":"1.6.2","mocha":"1.9.0","sinon":"1.6.0","should":"1.2.2","component":"0.15.1"},"bin":{"autoprefixer":"./bin/autoprefixer"},"main":"lib/autoprefixer","scripts":{"test":"mocha --reporter spec --require should --compilers coffee:coffee-script"},"_id":"autoprefixer@0.3.20130427","dist":{"shasum":"27da062b75a92e46c8d662f485136644ac7b12d6","tarball":"http://registry.npmjs.org/autoprefixer/-/autoprefixer-0.3.20130427.tgz"},"_from":"./","_npmVersion":"1.2.18","_npmUser":{"name":"ai","email":"andrey@sitnik.ru"},"maintainers":[{"name":"ai","email":"andrey@sitnik.ru"}],"directories":{}},"0.3.20130502":{"name":"autoprefixer","version":"0.3.20130502","description":"Parse CSS and add prefixed properties and values by actual Can I Use database","keywords":["css","prefix","rework"],"author":{"name":"Andrey Sitnik","email":"andrey@sitnik.ru"},"license":"LGPL 3","repository":{"type":"git","url":"https://github.com/ai/autoprefixer.git"},"dependencies":{"rework":">= 0.14"},"devDependencies":{"coffee-script":"1.6.2","mocha":"1.9.0","sinon":"1.6.0","should":"1.2.2","component":"0.15.1"},"bin":{"autoprefixer":"./bin/autoprefixer"},"main":"lib/autoprefixer","scripts":{"test":"mocha --reporter spec --require should --compilers coffee:coffee-script"},"_id":"autoprefixer@0.3.20130502","dist":{"shasum":"2f152d1c4a47c75bf74b2fc0cec9d2c2c1e8a2ed","tarball":"http://registry.npmjs.org/autoprefixer/-/autoprefixer-0.3.20130502.tgz"},"_from":"./","_npmVersion":"1.2.18","_npmUser":{"name":"ai","email":"andrey@sitnik.ru"},"maintainers":[{"name":"ai","email":"andrey@sitnik.ru"}],"directories":{}},"0.4.20130507":{"name":"autoprefixer","version":"0.4.20130507","description":"Parse CSS and add prefixed properties and values by actual Can I Use database","keywords":["css","prefix","rework"],"author":{"name":"Andrey Sitnik","email":"andrey@sitnik.ru"},"license":"LGPL 3","repository":{"type":"git","url":"https://github.com/ai/autoprefixer.git"},"dependencies":{"rework":">= 0.14"},"devDependencies":{"coffee-script":"1.6.2","mocha":"1.9.0","sinon":"1.7.0","should":"1.2.2","component":"0.15.1","js-beautify":"1.3.2"},"bin":{"autoprefixer":"./bin/autoprefixer"},"main":"lib/autoprefixer","scripts":{"test":"mocha --reporter spec --require should --compilers coffee:coffee-script"},"_id":"autoprefixer@0.4.20130507","dist":{"shasum":"ebf597a6789ceed55edc6774a1ea5f91d8b9d935","tarball":"http://registry.npmjs.org/autoprefixer/-/autoprefixer-0.4.20130507.tgz"},"_from":"./","_npmVersion":"1.2.18","_npmUser":{"name":"ai","email":"andrey@sitnik.ru"},"maintainers":[{"name":"ai","email":"andrey@sitnik.ru"}],"directories":{}},"0.4.20130515":{"name":"autoprefixer","version":"0.4.20130515","description":"Parse CSS and add prefixed properties and values by actual Can I Use database","keywords":["css","prefix","rework"],"author":{"name":"Andrey Sitnik","email":"andrey@sitnik.ru"},"license":"LGPL 3","repository":{"type":"git","url":"https://github.com/ai/autoprefixer.git"},"dependencies":{"rework":">= 0.14"},"devDependencies":{"coffee-script":"1.6.2","mocha":"1.9.0","sinon":"1.7.0","should":"1.2.2","component":"0.15.1","js-beautify":"1.3.2"},"bin":{"autoprefixer":"./bin/autoprefixer"},"main":"lib/autoprefixer","scripts":{"test":"mocha --reporter spec --require should --compilers coffee:coffee-script"},"_id":"autoprefixer@0.4.20130515","dist":{"shasum":"b6fe5b2a59ab465fff3016167f3f06866d4f8ea9","tarball":"http://registry.npmjs.org/autoprefixer/-/autoprefixer-0.4.20130515.tgz"},"_from":"./","_npmVersion":"1.2.18","_npmUser":{"name":"ai","email":"andrey@sitnik.ru"},"maintainers":[{"name":"ai","email":"andrey@sitnik.ru"}],"directories":{}},"0.4.20130521":{"name":"autoprefixer","version":"0.4.20130521","description":"Parse CSS and add prefixed properties and values by actual Can I Use database","keywords":["css","prefix","rework"],"author":{"name":"Andrey Sitnik","email":"andrey@sitnik.ru"},"license":"LGPL 3","repository":{"type":"git","url":"https://github.com/ai/autoprefixer.git"},"dependencies":{"rework":">= 0.14"},"devDependencies":{"coffee-script":"1.6.2","mocha":"1.9.0","sinon":"1.7.0","should":"1.2.2","component":"0.15.1","js-beautify":"1.3.2"},"bin":{"autoprefixer":"./bin/autoprefixer"},"main":"lib/autoprefixer","scripts":{"test":"mocha --reporter spec --require should --compilers coffee:coffee-script"},"bugs":{"url":"https://github.com/ai/autoprefixer/issues"},"_id":"autoprefixer@0.4.20130521","dist":{"shasum":"75c4bdc76767d1def708f6b3bb34c019b9206cac","tarball":"http://registry.npmjs.org/autoprefixer/-/autoprefixer-0.4.20130521.tgz"},"_from":"./","_npmVersion":"1.2.21","_npmUser":{"name":"ai","email":"andrey@sitnik.ru"},"maintainers":[{"name":"ai","email":"andrey@sitnik.ru"}],"directories":{}},"0.4.20130524":{"name":"autoprefixer","version":"0.4.20130524","description":"Parse CSS and add prefixed properties and values by actual Can I Use database","keywords":["css","prefix","rework"],"author":{"name":"Andrey Sitnik","email":"andrey@sitnik.ru"},"license":"LGPL 3","repository":{"type":"git","url":"https://github.com/ai/autoprefixer.git"},"dependencies":{"rework":">= 0.14"},"devDependencies":{"coffee-script":"1.6.2","mocha":"1.10.0","sinon":"1.7.2","should":"1.2.2","component":"0.16.0","js-beautify":"1.3.2"},"bin":{"autoprefixer":"./bin/autoprefixer"},"main":"lib/autoprefixer","scripts":{"test":"mocha --reporter spec --require should --compilers coffee:coffee-script"},"bugs":{"url":"https://github.com/ai/autoprefixer/issues"},"_id":"autoprefixer@0.4.20130524","dist":{"shasum":"d127c4584487effd9a673819788837abca67fcb2","tarball":"http://registry.npmjs.org/autoprefixer/-/autoprefixer-0.4.20130524.tgz"},"_from":"./","_npmVersion":"1.2.21","_npmUser":{"name":"ai","email":"andrey@sitnik.ru"},"maintainers":[{"name":"ai","email":"andrey@sitnik.ru"}],"directories":{}},"0.4.20130528":{"name":"autoprefixer","version":"0.4.20130528","description":"Parse CSS and add prefixed properties and values by actual Can I Use database","keywords":["css","prefix","rework"],"author":{"name":"Andrey Sitnik","email":"andrey@sitnik.ru"},"license":"LGPL 3","repository":{"type":"git","url":"https://github.com/ai/autoprefixer.git"},"dependencies":{"rework":">= 0.14"},"devDependencies":{"coffee-script":"1.6.2","mocha":"1.10.0","sinon":"1.7.2","should":"1.2.2","component":"0.16.0","js-beautify":"1.3.3"},"bin":{"autoprefixer":"./bin/autoprefixer"},"main":"lib/autoprefixer","scripts":{"test":"mocha --reporter spec --require should --compilers coffee:coffee-script"},"bugs":{"url":"https://github.com/ai/autoprefixer/issues"},"_id":"autoprefixer@0.4.20130528","dist":{"shasum":"d4d10a626ed7aa484e58229df621a2a62d54cdce","tarball":"http://registry.npmjs.org/autoprefixer/-/autoprefixer-0.4.20130528.tgz"},"_from":"./","_npmVersion":"1.2.23","_npmUser":{"name":"ai","email":"andrey@sitnik.ru"},"maintainers":[{"name":"ai","email":"andrey@sitnik.ru"}],"directories":{}},"0.4.20130530":{"name":"autoprefixer","version":"0.4.20130530","description":"Parse CSS and add prefixed properties and values by actual Can I Use database","keywords":["css","prefix","rework"],"author":{"name":"Andrey Sitnik","email":"andrey@sitnik.ru"},"license":"LGPL 3","repository":{"type":"git","url":"https://github.com/ai/autoprefixer.git"},"dependencies":{"rework":">= 0.14"},"devDependencies":{"coffee-script":"1.6.2","mocha":"1.10.0","sinon":"1.7.2","should":"1.2.2","component":"0.16.0","js-beautify":"1.3.3"},"bin":{"autoprefixer":"./bin/autoprefixer"},"main":"lib/autoprefixer","scripts":{"test":"mocha --reporter spec --require should --compilers coffee:coffee-script"},"bugs":{"url":"https://github.com/ai/autoprefixer/issues"},"_id":"autoprefixer@0.4.20130530","dist":{"shasum":"d98fdaf2a899523c8c5b1172eab56880279546b6","tarball":"http://registry.npmjs.org/autoprefixer/-/autoprefixer-0.4.20130530.tgz"},"_from":"./","_npmVersion":"1.2.23","_npmUser":{"name":"ai","email":"andrey@sitnik.ru"},"maintainers":[{"name":"ai","email":"andrey@sitnik.ru"}],"directories":{}},"0.4.20130603":{"name":"autoprefixer","version":"0.4.20130603","description":"Parse CSS and add prefixed properties and values by actual Can I Use database","keywords":["css","prefix","rework"],"author":{"name":"Andrey Sitnik","email":"andrey@sitnik.ru"},"license":"LGPL 3","repository":{"type":"git","url":"https://github.com/ai/autoprefixer.git"},"dependencies":{"rework":">= 0.15"},"devDependencies":{"coffee-script":"1.6.3","mocha":"1.10.0","sinon":"1.7.2","should":"1.2.2","component":"0.16.2","js-beautify":"1.3.3"},"bin":{"autoprefixer":"./bin/autoprefixer"},"main":"lib/autoprefixer","scripts":{"test":"mocha --reporter spec --require should --compilers coffee:coffee-script"},"bugs":{"url":"https://github.com/ai/autoprefixer/issues"},"_id":"autoprefixer@0.4.20130603","dist":{"shasum":"e51dc0c9ad983297bc4a8bd80b5218a012a786eb","tarball":"http://registry.npmjs.org/autoprefixer/-/autoprefixer-0.4.20130603.tgz"},"_from":"./","_npmVersion":"1.2.24","_npmUser":{"name":"ai","email":"andrey@sitnik.ru"},"maintainers":[{"name":"ai","email":"andrey@sitnik.ru"}],"directories":{}},"0.5.20130615":{"name":"autoprefixer","version":"0.5.20130615","description":"Parse CSS and add prefixed properties and values by actual Can I Use database","keywords":["css","prefix","rework"],"author":{"name":"Andrey Sitnik","email":"andrey@sitnik.ru"},"license":"LGPL 3","repository":{"type":"git","url":"https://github.com/ai/autoprefixer.git"},"dependencies":{"css-parse":"~> 1.4.0","css-stringify":"~> 1.3.1"},"devDependencies":{"coffee-script":"1.6.3","component":"0.16.3","fs-extra":"0.6.1","should":"1.2.2","rework":"0.16.0","mocha":"1.11.0","glob":"3.2.1"},"bin":{"autoprefixer":"./bin/autoprefixer"},"main":"lib/autoprefixer","scripts":{"test":"mocha --reporter spec --require should --compilers coffee:coffee-script"},"bugs":{"url":"https://github.com/ai/autoprefixer/issues"},"_id":"autoprefixer@0.5.20130615","dist":{"shasum":"b518427db421b106c33b0136459d551315e7e1ef","tarball":"http://registry.npmjs.org/autoprefixer/-/autoprefixer-0.5.20130615.tgz"},"_from":"/home/ai/Dev/autoprefixer/build/","_npmVersion":"1.2.30","_npmUser":{"name":"ai","email":"andrey@sitnik.ru"},"maintainers":[{"name":"ai","email":"andrey@sitnik.ru"}],"directories":{}},"0.5.20130616":{"name":"autoprefixer","version":"0.5.20130616","description":"Parse CSS and add prefixed properties and values by actual Can I Use database","keywords":["css","prefix","rework"],"author":{"name":"Andrey Sitnik","email":"andrey@sitnik.ru"},"license":"LGPL 3","repository":{"type":"git","url":"https://github.com/ai/autoprefixer.git"},"dependencies":{"css-parse":"~> 1.4.0","css-stringify":"~> 1.3.1"},"devDependencies":{"coffee-script":"1.6.3","component":"0.16.3","fs-extra":"0.6.1","should":"1.2.2","rework":"0.16.0","mocha":"1.11.0","glob":"3.2.1"},"bin":{"autoprefixer":"./bin/autoprefixer"},"main":"lib/autoprefixer","scripts":{"test":"mocha --reporter spec --require should --compilers coffee:coffee-script"},"bugs":{"url":"https://github.com/ai/autoprefixer/issues"},"_id":"autoprefixer@0.5.20130616","dist":{"shasum":"ea7a9cc3614357c78edb64388e32ccd5d0d15614","tarball":"http://registry.npmjs.org/autoprefixer/-/autoprefixer-0.5.20130616.tgz"},"_from":"/home/ai/Dev/autoprefixer/build/","_npmVersion":"1.2.30","_npmUser":{"name":"ai","email":"andrey@sitnik.ru"},"
101 verbose stack     at Object.parse (native)
101 verbose stack     at CachingRegistryClient.<anonymous> (/usr/local/lib/node_modules/npm/node_modules/npm-registry-client/lib/request.js:197:23)
101 verbose stack     at Request._callback (/usr/local/lib/node_modules/npm/node_modules/npm-registry-client/lib/request.js:170:14)
101 verbose stack     at Request.self.callback (/usr/local/lib/node_modules/npm/node_modules/request/request.js:197:22)
101 verbose stack     at Request.emit (events.js:110:17)
101 verbose stack     at Request.<anonymous> (/usr/local/lib/node_modules/npm/node_modules/request/request.js:1050:14)
101 verbose stack     at Request.emit (events.js:129:20)
101 verbose stack     at IncomingMessage.<anonymous> (/usr/local/lib/node_modules/npm/node_modules/request/request.js:996:12)
101 verbose stack     at IncomingMessage.emit (events.js:129:20)
101 verbose stack     at _stream_readable.js:908:16
102 verbose cwd /Users/crawleym/Documents/Sites/balloonsinc.co.uk
103 error Darwin 14.4.0
104 error argv "node" "/usr/local/bin/npm" "install" "docpad-plugin-autoprefix@2" "--save"
105 error node v0.12.0
106 error npm  v2.13.2
107 error Unexpected end of input
107 error {"_id":"autoprefixer","_rev":"254-c0a1ada92440d0e655c0b83856f38a51","name":"autoprefixer","description":"Parse CSS and add vendor prefixes to CSS rules using values from the Can I Use website","dist-tags":{"latest":"5.2.0"},"versions":{"0.1.20130409":{"name":"autoprefixer","version":"0.1.20130409","description":"Parse CSS and add prefixed properties and values, when it really necessary for selected browsers.","keywords":["css","prefix","rework"],"author":{"name":"Andrey Sitnik","email":"andrey@sitnik.ru"},"license":"LGPL 3","repository":{"type":"git","url":"https://github.com/ai/autoprefixer.git"},"dependencies":{"rework":">= 0.13.2"},"devDependencies":{"coffee-script":"1.6.2","mocha":"1.9.0","sinon":"1.6.0","chai":"1.5.0","sinon-chai":"2.3.1"},"bin":{"autoprefixer":"./bin/autoprefixer"},"main":"lib/autoprefixer","scripts":{"test":"mocha --reporter spec --compilers coffee:coffee-script"},"_id":"autoprefixer@0.1.20130409","dist":{"shasum":"06b04fb73779015e79e71df85e261421d7b80742","tarball":"http://registry.npmjs.org/autoprefixer/-/autoprefixer-0.1.20130409.tgz"},"_from":"./","_npmVersion":"1.2.17","_npmUser":{"name":"ai","email":"andrey@sitnik.ru"},"maintainers":[{"name":"ai","email":"andrey@sitnik.ru"}],"directories":{}},"0.2.20130413":{"name":"autoprefixer","version":"0.2.20130413","description":"Parse CSS and add prefixed properties and values by actual Can I Use database","keywords":["css","prefix","rework"],"author":{"name":"Andrey Sitnik","email":"andrey@sitnik.ru"},"license":"LGPL 3","repository":{"type":"git","url":"https://github.com/ai/autoprefixer.git"},"dependencies":{"rework":">= 0.14"},"devDependencies":{"coffee-script":"1.6.2","mocha":"1.9.0","sinon":"1.6.0","chai":"1.5.0","sinon-chai":"2.3.1","component":"0.13.2"},"bin":{"autoprefixer":"./bin/autoprefixer"},"main":"lib/autoprefixer","scripts":{"test":"mocha --reporter spec --compilers coffee:coffee-script"},"_id":"autoprefixer@0.2.20130413","dist":{"shasum":"63170ea937afa0aa4bfc1401e8a21078b4b1538f","tarball":"http://registry.npmjs.org/autoprefixer/-/autoprefixer-0.2.20130413.tgz"},"_from":"./","_npmVersion":"1.2.18","_npmUser":{"name":"ai","email":"andrey@sitnik.ru"},"maintainers":[{"name":"ai","email":"andrey@sitnik.ru"}],"directories":{}},"0.3.20130423":{"name":"autoprefixer","version":"0.3.20130423","description":"Parse CSS and add prefixed properties and values by actual Can I Use database","keywords":["css","prefix","rework"],"author":{"name":"Andrey Sitnik","email":"andrey@sitnik.ru"},"license":"LGPL 3","repository":{"type":"git","url":"https://github.com/ai/autoprefixer.git"},"dependencies":{"rework":">= 0.14"},"devDependencies":{"coffee-script":"1.6.2","mocha":"1.9.0","sinon":"1.6.0","should":"1.2.2","component":"0.13.2"},"bin":{"autoprefixer":"./bin/autoprefixer"},"main":"lib/autoprefixer","scripts":{"test":"mocha --reporter spec --require should --compilers coffee:coffee-script"},"_id":"autoprefixer@0.3.20130423","dist":{"shasum":"75c83ea15305adff15bc5abeba9400a79be454a2","tarball":"http://registry.npmjs.org/autoprefixer/-/autoprefixer-0.3.20130423.tgz"},"_from":"./","_npmVersion":"1.2.18","_npmUser":{"name":"ai","email":"andrey@sitnik.ru"},"maintainers":[{"name":"ai","email":"andrey@sitnik.ru"}],"directories":{}},"0.3.20130424":{"name":"autoprefixer","version":"0.3.20130424","description":"Parse CSS and add prefixed properties and values by actual Can I Use database","keywords":["css","prefix","rework"],"author":{"name":"Andrey Sitnik","email":"andrey@sitnik.ru"},"license":"LGPL 3","repository":{"type":"git","url":"https://github.com/ai/autoprefixer.git"},"dependencies":{"rework":">= 0.14"},"devDependencies":{"coffee-script":"1.6.2","mocha":"1.9.0","sinon":"1.6.0","should":"1.2.2","component":"0.13.2"},"bin":{"autoprefixer":"./bin/autoprefixer"},"main":"lib/autoprefixer","scripts":{"test":"mocha --reporter spec --require should --compilers coffee:coffee-script"},"_id":"autoprefixer@0.3.20130424","dist":{"shasum":"30346a8f3a39c5e8c280255c3fe584f13d975432","tarball":"http://registry.npmjs.org/autoprefixer/-/autoprefixer-0.3.20130424.tgz"},"_from":"./","_npmVersion":"1.2.18","_npmUser":{"name":"ai","email":"andrey@sitnik.ru"},"maintainers":[{"name":"ai","email":"andrey@sitnik.ru"}],"directories":{}},"0.3.20130427":{"name":"autoprefixer","version":"0.3.20130427","description":"Parse CSS and add prefixed properties and values by actual Can I Use database","keywords":["css","prefix","rework"],"author":{"name":"Andrey Sitnik","email":"andrey@sitnik.ru"},"license":"LGPL 3","repository":{"type":"git","url":"https://github.com/ai/autoprefixer.git"},"dependencies":{"rework":">= 0.14"},"devDependencies":{"coffee-script":"1.6.2","mocha":"1.9.0","sinon":"1.6.0","should":"1.2.2","component":"0.15.1"},"bin":{"autoprefixer":"./bin/autoprefixer"},"main":"lib/autoprefixer","scripts":{"test":"mocha --reporter spec --require should --compilers coffee:coffee-script"},"_id":"autoprefixer@0.3.20130427","dist":{"shasum":"27da062b75a92e46c8d662f485136644ac7b12d6","tarball":"http://registry.npmjs.org/autoprefixer/-/autoprefixer-0.3.20130427.tgz"},"_from":"./","_npmVersion":"1.2.18","_npmUser":{"name":"ai","email":"andrey@sitnik.ru"},"maintainers":[{"name":"ai","email":"andrey@sitnik.ru"}],"directories":{}},"0.3.20130502":{"name":"autoprefixer","version":"0.3.20130502","description":"Parse CSS and add prefixed properties and values by actual Can I Use database","keywords":["css","prefix","rework"],"author":{"name":"Andrey Sitnik","email":"andrey@sitnik.ru"},"license":"LGPL 3","repository":{"type":"git","url":"https://github.com/ai/autoprefixer.git"},"dependencies":{"rework":">= 0.14"},"devDependencies":{"coffee-script":"1.6.2","mocha":"1.9.0","sinon":"1.6.0","should":"1.2.2","component":"0.15.1"},"bin":{"autoprefixer":"./bin/autoprefixer"},"main":"lib/autoprefixer","scripts":{"test":"mocha --reporter spec --require should --compilers coffee:coffee-script"},"_id":"autoprefixer@0.3.20130502","dist":{"shasum":"2f152d1c4a47c75bf74b2fc0cec9d2c2c1e8a2ed","tarball":"http://registry.npmjs.org/autoprefixer/-/autoprefixer-0.3.20130502.tgz"},"_from":"./","_npmVersion":"1.2.18","_npmUser":{"name":"ai","email":"andrey@sitnik.ru"},"maintainers":[{"name":"ai","email":"andrey@sitnik.ru"}],"directories":{}},"0.4.20130507":{"name":"autoprefixer","version":"0.4.20130507","description":"Parse CSS and add prefixed properties and values by actual Can I Use database","keywords":["css","prefix","rework"],"author":{"name":"Andrey Sitnik","email":"andrey@sitnik.ru"},"license":"LGPL 3","repository":{"type":"git","url":"https://github.com/ai/autoprefixer.git"},"dependencies":{"rework":">= 0.14"},"devDependencies":{"coffee-script":"1.6.2","mocha":"1.9.0","sinon":"1.7.0","should":"1.2.2","component":"0.15.1","js-beautify":"1.3.2"},"bin":{"autoprefixer":"./bin/autoprefixer"},"main":"lib/autoprefixer","scripts":{"test":"mocha --reporter spec --require should --compilers coffee:coffee-script"},"_id":"autoprefixer@0.4.20130507","dist":{"shasum":"ebf597a6789ceed55edc6774a1ea5f91d8b9d935","tarball":"http://registry.npmjs.org/autoprefixer/-/autoprefixer-0.4.20130507.tgz"},"_from":"./","_npmVersion":"1.2.18","_npmUser":{"name":"ai","email":"andrey@sitnik.ru"},"maintainers":[{"name":"ai","email":"andrey@sitnik.ru"}],"directories":{}},"0.4.20130515":{"name":"autoprefixer","version":"0.4.20130515","description":"Parse CSS and add prefixed properties and values by actual Can I Use database","keywords":["css","prefix","rework"],"author":{"name":"Andrey Sitnik","email":"andrey@sitnik.ru"},"license":"LGPL 3","repository":{"type":"git","url":"https://github.com/ai/autoprefixer.git"},"dependencies":{"rework":">= 0.14"},"devDependencies":{"coffee-script":"1.6.2","mocha":"1.9.0","sinon":"1.7.0","should":"1.2.2","component":"0.15.1","js-beautify":"1.3.2"},"bin":{"autoprefixer":"./bin/autoprefixer"},"main":"lib/autoprefixer","scripts":{"test":"mocha --reporter spec --require should --compilers coffee:coffee-script"},"_id":"autoprefixer@0.4.20130515","dist":{"shasum":"b6fe5b2a59ab465fff3016167f3f06866d4f8ea9","tarball":"http://registry.npmjs.org/autoprefixer/-/autoprefixer-0.4.20130515.tgz"},"_from":"./","_npmVersion":"1.2.18","_npmUser":{"name":"ai","email":"andrey@sitnik.ru"},"maintainers":[{"name":"ai","email":"andrey@sitnik.ru"}],"directories":{}},"0.4.20130521":{"name":"autoprefixer","version":"0.4.20130521","description":"Parse CSS and add prefixed properties and values by actual Can I Use database","keywords":["css","prefix","rework"],"author":{"name":"Andrey Sitnik","email":"andrey@sitnik.ru"},"license":"LGPL 3","repository":{"type":"git","url":"https://github.com/ai/autoprefixer.git"},"dependencies":{"rework":">= 0.14"},"devDependencies":{"coffee-script":"1.6.2","mocha":"1.9.0","sinon":"1.7.0","should":"1.2.2","component":"0.15.1","js-beautify":"1.3.2"},"bin":{"autoprefixer":"./bin/autoprefixer"},"main":"lib/autoprefixer","scripts":{"test":"mocha --reporter spec --require should --compilers coffee:coffee-script"},"bugs":{"url":"https://github.com/ai/autoprefixer/issues"},"_id":"autoprefixer@0.4.20130521","dist":{"shasum":"75c4bdc76767d1def708f6b3bb34c019b9206cac","tarball":"http://registry.npmjs.org/autoprefixer/-/autoprefixer-0.4.20130521.tgz"},"_from":"./","_npmVersion":"1.2.21","_npmUser":{"name":"ai","email":"andrey@sitnik.ru"},"maintainers":[{"name":"ai","email":"andrey@sitnik.ru"}],"directories":{}},"0.4.20130524":{"name":"autoprefixer","version":"0.4.20130524","description":"Parse CSS and add prefixed properties and values by actual Can I Use database","keywords":["css","prefix","rework"],"author":{"name":"Andrey Sitnik","email":"andrey@sitnik.ru"},"license":"LGPL 3","repository":{"type":"git","url":"https://github.com/ai/autoprefixer.git"},"dependencies":{"rework":">= 0.14"},"devDependencies":{"coffee-script":"1.6.2","mocha":"1.10.0","sinon":"1.7.2","should":"1.2.2","component":"0.16.0","js-beautify":"1.3.2"},"bin":{"autoprefixer":"./bin/autoprefixer"},"main":"lib/autoprefixer","scripts":{"test":"mocha --reporter spec --require should --compilers coffee:coffee-script"},"bugs":{"url":"https://github.com/ai/autoprefixer/issues"},"_id":"autoprefixer@0.4.20130524","dist":{"shasum":"d127c4584487effd9a673819788837abca67fcb2","tarball":"http://registry.npmjs.org/autoprefixer/-/autoprefixer-0.4.20130524.tgz"},"_from":"./","_npmVersion":"1.2.21","_npmUser":{"name":"ai","email":"andrey@sitnik.ru"},"maintainers":[{"name":"ai","email":"andrey@sitnik.ru"}],"directories":{}},"0.4.20130528":{"name":"autoprefixer","version":"0.4.20130528","description":"Parse CSS and add prefixed properties and values by actual Can I Use database","keywords":["css","prefix","rework"],"author":{"name":"Andrey Sitnik","email":"andrey@sitnik.ru"},"license":"LGPL 3","repository":{"type":"git","url":"https://github.com/ai/autoprefixer.git"},"dependencies":{"rework":">= 0.14"},"devDependencies":{"coffee-script":"1.6.2","mocha":"1.10.0","sinon":"1.7.2","should":"1.2.2","component":"0.16.0","js-beautify":"1.3.3"},"bin":{"autoprefixer":"./bin/autoprefixer"},"main":"lib/autoprefixer","scripts":{"test":"mocha --reporter spec --require should --compilers coffee:coffee-script"},"bugs":{"url":"https://github.com/ai/autoprefixer/issues"},"_id":"autoprefixer@0.4.20130528","dist":{"shasum":"d4d10a626ed7aa484e58229df621a2a62d54cdce","tarball":"http://registry.npmjs.org/autoprefixer/-/autoprefixer-0.4.20130528.tgz"},"_from":"./","_npmVersion":"1.2.23","_npmUser":{"name":"ai","email":"andrey@sitnik.ru"},"maintainers":[{"name":"ai","email":"andrey@sitnik.ru"}],"directories":{}},"0.4.20130530":{"name":"autoprefixer","version":"0.4.20130530","description":"Parse CSS and add prefixed properties and values by actual Can I Use database","keywords":["css","prefix","rework"],"author":{"name":"Andrey Sitnik","email":"andrey@sitnik.ru"},"license":"LGPL 3","repository":{"type":"git","url":"https://github.com/ai/autoprefixer.git"},"dependencies":{"rework":">= 0.14"},"devDependencies":{"coffee-script":"1.6.2","mocha":"1.10.0","sinon":"1.7.2","should":"1.2.2","component":"0.16.0","js-beautify":"1.3.3"},"bin":{"autoprefixer":"./bin/autoprefixer"},"main":"lib/autoprefixer","scripts":{"test":"mocha --reporter spec --require should --compilers coffee:coffee-script"},"bugs":{"url":"https://github.com/ai/autoprefixer/issues"},"_id":"autoprefixer@0.4.20130530","dist":{"shasum":"d98fdaf2a899523c8c5b1172eab56880279546b6","tarball":"http://registry.npmjs.org/autoprefixer/-/autoprefixer-0.4.20130530.tgz"},"_from":"./","_npmVersion":"1.2.23","_npmUser":{"name":"ai","email":"andrey@sitnik.ru"},"maintainers":[{"name":"ai","email":"andrey@sitnik.ru"}],"directories":{}},"0.4.20130603":{"name":"autoprefixer","version":"0.4.20130603","description":"Parse CSS and add prefixed properties and values by actual Can I Use database","keywords":["css","prefix","rework"],"author":{"name":"Andrey Sitnik","email":"andrey@sitnik.ru"},"license":"LGPL 3","repository":{"type":"git","url":"https://github.com/ai/autoprefixer.git"},"dependencies":{"rework":">= 0.15"},"devDependencies":{"coffee-script":"1.6.3","mocha":"1.10.0","sinon":"1.7.2","should":"1.2.2","component":"0.16.2","js-beautify":"1.3.3"},"bin":{"autoprefixer":"./bin/autoprefixer"},"main":"lib/autoprefixer","scripts":{"test":"mocha --reporter spec --require should --compilers coffee:coffee-script"},"bugs":{"url":"https://github.com/ai/autoprefixer/issues"},"_id":"autoprefixer@0.4.20130603","dist":{"shasum":"e51dc0c9ad983297bc4a8bd80b5218a012a786eb","tarball":"http://registry.npmjs.org/autoprefixer/-/autoprefixer-0.4.20130603.tgz"},"_from":"./","_npmVersion":"1.2.24","_npmUser":{"name":"ai","email":"andrey@sitnik.ru"},"maintainers":[{"name":"ai","email":"andrey@sitnik.ru"}],"directories":{}},"0.5.20130615":{"name":"autoprefixer","version":"0.5.20130615","description":"Parse CSS and add prefixed properties and values by actual Can I Use database","keywords":["css","prefix","rework"],"author":{"name":"Andrey Sitnik","email":"andrey@sitnik.ru"},"license":"LGPL 3","repository":{"type":"git","url":"https://github.com/ai/autoprefixer.git"},"dependencies":{"css-parse":"~> 1.4.0","css-stringify":"~> 1.3.1"},"devDependencies":{"coffee-script":"1.6.3","component":"0.16.3","fs-extra":"0.6.1","should":"1.2.2","rework":"0.16.0","mocha":"1.11.0","glob":"3.2.1"},"bin":{"autoprefixer":"./bin/autoprefixer"},"main":"lib/autoprefixer","scripts":{"test":"mocha --reporter spec --require should --compilers coffee:coffee-script"},"bugs":{"url":"https://github.com/ai/autoprefixer/issues"},"_id":"autoprefixer@0.5.20130615","dist":{"shasum":"b518427db421b106c33b0136459d551315e7e1ef","tarball":"http://registry.npmjs.org/autoprefixer/-/autoprefixer-0.5.20130615.tgz"},"_from":"/home/ai/Dev/autoprefixer/build/","_npmVersion":"1.2.30","_npmUser":{"name":"ai","email":"andrey@sitnik.ru"},"maintainers":[{"name":"ai","email":"andrey@sitnik.ru"}],"directories":{}},"0.5.20130616":{"name":"autoprefixer","version":"0.5.20130616","description":"Parse CSS and add prefixed properties and values by actual Can I Use database","keywords":["css","prefix","rework"],"author":{"name":"Andrey Sitnik","email":"andrey@sitnik.ru"},"license":"LGPL 3","repository":{"type":"git","url":"https://github.com/ai/autoprefixer.git"},"dependencies":{"css-parse":"~> 1.4.0","css-stringify":"~> 1.3.1"},"devDependencies":{"coffee-script":"1.6.3","component":"0.16.3","fs-extra":"0.6.1","should":"1.2.2","rework":"0.16.0","mocha":"1.11.0","glob":"3.2.1"},"bin":{"autoprefixer":"./bin/autoprefixer"},"main":"lib/autoprefixer","scripts":{"test":"mocha --reporter spec --require should --compilers coffee:coffee-script"},"bugs":{"url":"https://github.com/ai/autoprefixer/issues"},"_id":"autoprefixer@0.5.20130616","dist":{"shasum":"ea7a9cc3614357c78edb64388e32ccd5d0d15614","tarball":"http://registry.npmjs.org/autoprefixer/-/autoprefixer-0.5.20130616.tgz"},"_from":"/home/ai/Dev/autoprefixer/build/","_npmVersion":"1.2.30","_npmUser":{"name":"ai","email":"andrey@sitnik.ru"},"
108 error If you need help, you may report this error at:
108 error     <https://github.com/npm/npm/issues>
109 verbose exit [ 1, true ]
110 verbose unbuild node_modules/docpad-plugin-autoprefix
111 info preuninstall docpad-plugin-autoprefix@2.0.0
112 info uninstall docpad-plugin-autoprefix@2.0.0
113 verbose unbuild rmStuff docpad-plugin-autoprefix@2.0.0 from /Users/crawleym/Documents/Sites/balloonsinc.co.uk/node_modules
114 info postuninstall docpad-plugin-autoprefix@2.0.0
115 silly gentlyRm /Users/crawleym/Documents/Sites/balloonsinc.co.uk/node_modules/docpad-plugin-autoprefix is being purged from base /Users/crawleym/Documents/Sites/balloonsinc.co.uk
116 verbose gentlyRm don't care about contents; nuking /Users/crawleym/Documents/Sites/balloonsinc.co.uk/node_modules/docpad-plugin-autoprefix
117 silly vacuum-fs purging /Users/crawleym/Documents/Sites/balloonsinc.co.uk/node_modules/docpad-plugin-autoprefix
118 silly vacuum-fs quitting because other entries in /Users/crawleym/Documents/Sites/balloonsinc.co.uk/node_modules
