0 info it worked if it ends with ok
1 verbose cli [ 'C:\\Program Files\\nodejs\\\\node.exe',
1 verbose cli   'C:\\Program Files\\nodejs\\node_modules\\npm\\bin\\npm-cli.js',
1 verbose cli   'install',
1 verbose cli   '-g',
1 verbose cli   'npm;',
1 verbose cli   'npm',
1 verbose cli   'install',
1 verbose cli   '-g',
1 verbose cli   'docpad@6.53' ]
2 info using npm@1.3.11
3 info using node@v0.10.21
4 verbose node symlink C:\Program Files\nodejs\\node.exe
5 verbose cache add [ 'npm;', null ]
6 verbose cache add name=undefined spec="npm;" args=["npm;",null]
7 verbose parsed url { protocol: null,
7 verbose parsed url   slashes: null,
7 verbose parsed url   auth: null,
7 verbose parsed url   host: null,
7 verbose parsed url   port: null,
7 verbose parsed url   hostname: null,
7 verbose parsed url   hash: null,
7 verbose parsed url   search: null,
7 verbose parsed url   query: null,
7 verbose parsed url   pathname: 'npm;',
7 verbose parsed url   path: 'npm;',
7 verbose parsed url   href: 'npm;' }
8 verbose cache add [ 'npm', null ]
9 verbose cache add name=undefined spec="npm" args=["npm",null]
10 verbose parsed url { protocol: null,
10 verbose parsed url   slashes: null,
10 verbose parsed url   auth: null,
10 verbose parsed url   host: null,
10 verbose parsed url   port: null,
10 verbose parsed url   hostname: null,
10 verbose parsed url   hash: null,
10 verbose parsed url   search: null,
10 verbose parsed url   query: null,
10 verbose parsed url   pathname: 'npm',
10 verbose parsed url   path: 'npm',
10 verbose parsed url   href: 'npm' }
11 verbose cache add [ 'install', null ]
12 verbose cache add name=undefined spec="install" args=["install",null]
13 verbose parsed url { protocol: null,
13 verbose parsed url   slashes: null,
13 verbose parsed url   auth: null,
13 verbose parsed url   host: null,
13 verbose parsed url   port: null,
13 verbose parsed url   hostname: null,
13 verbose parsed url   hash: null,
13 verbose parsed url   search: null,
13 verbose parsed url   query: null,
13 verbose parsed url   pathname: 'install',
13 verbose parsed url   path: 'install',
13 verbose parsed url   href: 'install' }
14 verbose cache add [ 'docpad@6.53', null ]
15 verbose cache add name=undefined spec="docpad@6.53" args=["docpad@6.53",null]
16 verbose parsed url { protocol: null,
16 verbose parsed url   slashes: null,
16 verbose parsed url   auth: null,
16 verbose parsed url   host: null,
16 verbose parsed url   port: null,
16 verbose parsed url   hostname: null,
16 verbose parsed url   hash: null,
16 verbose parsed url   search: null,
16 verbose parsed url   query: null,
16 verbose parsed url   pathname: 'docpad@6.53',
16 verbose parsed url   path: 'docpad@6.53',
16 verbose parsed url   href: 'docpad@6.53' }
17 verbose cache add name="docpad" spec="6.53" args=["docpad","6.53"]
18 verbose parsed url { protocol: null,
18 verbose parsed url   slashes: null,
18 verbose parsed url   auth: null,
18 verbose parsed url   host: null,
18 verbose parsed url   port: null,
18 verbose parsed url   hostname: null,
18 verbose parsed url   hash: null,
18 verbose parsed url   search: null,
18 verbose parsed url   query: null,
18 verbose parsed url   pathname: '6.53',
18 verbose parsed url   path: '6.53',
18 verbose parsed url   href: '6.53' }
19 verbose addNamed [ 'docpad', '6.53' ]
20 verbose addNamed [ null, '>=6.53.0-0 <6.54.0-0' ]
21 silly lockFile 25b9d955-npm npm;
22 verbose lock npm; C:\Users\IBM_ADMIN\AppData\Roaming\npm-cache\25b9d955-npm.lock
23 silly lockFile 660051d1-npm npm
24 verbose lock npm C:\Users\IBM_ADMIN\AppData\Roaming\npm-cache\660051d1-npm.lock
25 silly lockFile 89fb511f-install install
26 verbose lock install C:\Users\IBM_ADMIN\AppData\Roaming\npm-cache\89fb511f-install.lock
27 silly lockFile aa8ba74e-docpad-6-53 docpad@6.53
28 verbose lock docpad@6.53 C:\Users\IBM_ADMIN\AppData\Roaming\npm-cache\aa8ba74e-docpad-6-53.lock
29 silly lockFile 25b9d955-npm npm;
30 silly lockFile 25b9d955-npm npm;
31 silly lockFile 660051d1-npm npm
32 silly lockFile 660051d1-npm npm
33 silly addNameRange { name: 'docpad', range: '>=6.53.0-0 <6.54.0-0', hasData: false }
34 verbose addNamed [ 'npm;', '' ]
35 verbose addNamed [ null, '*' ]
36 silly lockFile 6c7791a2-npm npm;@
37 verbose lock npm;@ C:\Users\IBM_ADMIN\AppData\Roaming\npm-cache\6c7791a2-npm.lock
38 silly lockFile 89fb511f-install install
39 silly lockFile 89fb511f-install install
40 verbose addNamed [ 'npm', '' ]
41 verbose addNamed [ null, '*' ]
42 silly lockFile 2f990b75-npm npm@
43 verbose lock npm@ C:\Users\IBM_ADMIN\AppData\Roaming\npm-cache\2f990b75-npm.lock
44 verbose url raw docpad
45 verbose url resolving [ 'https://registry.npmjs.org/', './docpad' ]
46 verbose url resolved https://registry.npmjs.org/docpad
47 info trying registry request attempt 1 at 09:09:12
48 http GET https://registry.npmjs.org/docpad
49 verbose addNamed [ 'install', '' ]
50 verbose addNamed [ null, '*' ]
51 silly lockFile cadb329f-install install@
52 verbose lock install@ C:\Users\IBM_ADMIN\AppData\Roaming\npm-cache\cadb329f-install.lock
53 silly addNameRange { name: 'npm;', range: '*', hasData: false }
54 silly addNameRange { name: 'npm', range: '*', hasData: false }
55 verbose url raw npm;
56 verbose url resolving [ 'https://registry.npmjs.org/', './npm%3B' ]
57 verbose url resolved https://registry.npmjs.org/npm%3B
58 info trying registry request attempt 1 at 09:09:12
59 http GET https://registry.npmjs.org/npm%3B
60 verbose url raw npm
61 verbose url resolving [ 'https://registry.npmjs.org/', './npm' ]
62 verbose url resolved https://registry.npmjs.org/npm
63 info trying registry request attempt 1 at 09:09:12
64 http GET https://registry.npmjs.org/npm
65 silly addNameRange { name: 'install', range: '*', hasData: false }
66 verbose url raw install
67 verbose url resolving [ 'https://registry.npmjs.org/', './install' ]
68 verbose url resolved https://registry.npmjs.org/install
69 info trying registry request attempt 1 at 09:09:12
70 http GET https://registry.npmjs.org/install
71 info retry will retry, error on last attempt: Error: connect ETIMEDOUT
72 info retry will retry, error on last attempt: Error: connect ETIMEDOUT
73 info retry will retry, error on last attempt: Error: connect ETIMEDOUT
74 info retry will retry, error on last attempt: Error: connect ETIMEDOUT
75 info trying registry request attempt 2 at 09:09:44
76 http GET https://registry.npmjs.org/npm%3B
77 info trying registry request attempt 2 at 09:09:44
78 http GET https://registry.npmjs.org/npm
79 info trying registry request attempt 2 at 09:09:44
80 http GET https://registry.npmjs.org/install
81 info trying registry request attempt 2 at 09:09:44
82 http GET https://registry.npmjs.org/docpad
83 info retry will retry, error on last attempt: Error: connect ETIMEDOUT
84 info retry will retry, error on last attempt: Error: connect ETIMEDOUT
85 info retry will retry, error on last attempt: Error: connect ETIMEDOUT
86 info retry will retry, error on last attempt: Error: connect ETIMEDOUT
87 info trying registry request attempt 3 at 09:11:05
88 http GET https://registry.npmjs.org/npm%3B
89 info trying registry request attempt 3 at 09:11:05
90 http GET https://registry.npmjs.org/npm
91 info trying registry request attempt 3 at 09:11:05
92 http GET https://registry.npmjs.org/install
93 info trying registry request attempt 3 at 09:11:05
94 http GET https://registry.npmjs.org/docpad
95 silly lockFile 6c7791a2-npm npm;@
96 silly lockFile 6c7791a2-npm npm;@
97 error network connect ETIMEDOUT
97 error network This is most likely not a problem with npm itself
97 error network and is related to network connectivity.
97 error network In most cases you are behind a proxy or have bad network settings.
97 error network
97 error network If you are behind a proxy, please make sure that the
97 error network 'proxy' config is set properly.  See: 'npm help config'
98 error System Windows_NT 6.1.7601
99 error command "C:\\Program Files\\nodejs\\\\node.exe" "C:\\Program Files\\nodejs\\node_modules\\npm\\bin\\npm-cli.js" "install" "-g" "npm;" "npm" "install" "-g" "docpad@6.53"
100 error cwd C:\Users\IBM_ADMIN\Documents\GitHub\balloons-inc\docpad
101 error node -v v0.10.21
102 error npm -v 1.3.11
103 error syscall connect
104 error code ETIMEDOUT
105 error errno ETIMEDOUT
106 verbose exit [ 1, true ]
